<?xml version="1.0" encoding="utf-8"?><testsuites name="pytest tests"><testsuite name="pytest" errors="0" failures="1" skipped="0" tests="24" time="15.806" timestamp="2026-09-23T09:53:26.897359+00:00" hostname="agent-env-fd8a6727-054b-4acc-ac21-cfa012d964fb"><testcase classname="tests.test_radha_phase2" name="test_projects_unauth" time="0.329" /><testcase classname="tests.test_radha_backend" name="test_root" time="0.223" /><testcase classname="tests.test_radha_backend" name="test_login_invalid" time="0.350" /><testcase classname="tests.test_radha_backend" name="test_register_duplicate" time="0.636" /><testcase classname="tests.test_radha_phase2" name="test_project_create_get_update" time="1.523" /><testcase classname="tests.test_radha_backend" name="test_register_new_user" time="0.362" /><testcase classname="tests.test_radha_backend" name="test_me" time="0.151" /><testcase classname="tests.test_radha_backend" name="test_me_unauth" time="0.111" /><testcase classname="tests.test_radha_backend" name="test_models" time="0.116" /><testcase classname="tests.test_radha_backend" name="test_conversations_unauth" time="0.154" /><testcase classname="tests.test_radha_backend" name="test_conversation_lifecycle" time="3.212" /><testcase classname="tests.test_radha_phase2" name="test_file_upload_ready" time="1.147" /><testcase classname="tests.test_radha_phase2" name="test_project_shows_uploaded_file" time="1.648" /><testcase classname="tests.test_radha_phase2" name="test_project_chat_grounded_answer" time="3.912" /><testcase classname="tests.test_radha_backend" name="test_user_isolation" time="1.125" /><testcase classname="tests.test_radha_backend" name="test_stream_message_persists" time="5.013" /><testcase classname="tests.test_radha_phase2" name="test_memory_crud_and_recall" time="4.275" /><testcase classname="tests.test_conversation_attachments" name="test_create_conversation_and_upload_attachment" time="0.543"><failure message="AttributeError: 'list' object has no attribute 'get'">backend/tests/test_conversation_attachments.py:81: in test_create_conversation_and_upload_attachment
    if evt.get("type") == "sources":
       ^^^^^^^
E   AttributeError: 'list' object has no attribute 'get'</failure></testcase><testcase classname="tests.test_conversation_attachments" name="test_delete_attachment" time="0.297" /><testcase classname="tests.test_conversation_attachments" name="test_isolation_other_cannot_access" time="0.765" /><testcase classname="tests.test_conversation_attachments" name="test_unauth_401" time="0.027" /><testcase classname="tests.test_radha_phase2" name="test_project_isolation" time="1.059" /><testcase classname="tests.test_radha_phase2" name="test_zz_file_delete" time="0.563" /><testcase classname="tests.test_radha_phase2" name="test_zz_project_delete_detaches_conversations" time="0.737" /></testsuite></testsuites>