<?xml version="1.0" encoding="utf-8"?><testsuites name="pytest tests"><testsuite name="pytest" errors="0" failures="0" skipped="0" tests="4" time="6.540" timestamp="2026-09-23T09:54:17.197137+00:00" hostname="agent-env-fd8a6727-054b-4acc-ac21-cfa012d964fb"><testcase classname="tests.test_conversation_attachments" name="test_create_conversation_and_upload_attachment" time="5.304" /><testcase classname="tests.test_conversation_attachments" name="test_delete_attachment" time="0.153" /><testcase classname="tests.test_conversation_attachments" name="test_isolation_other_cannot_access" time="0.493" /><testcase classname="tests.test_conversation_attachments" name="test_unauth_401" time="0.010" /></testsuite></testsuites>