<?xml version="1.0" encoding="utf-8"?><testsuites name="pytest tests"><testsuite name="pytest" errors="0" failures="2" skipped="0" tests="9" time="11.934" timestamp="2026-09-23T09:39:44.172569+00:00" hostname="agent-env-fd8a6727-054b-4acc-ac21-cfa012d964fb"><testcase classname="tests.test_radha_phase2" name="test_projects_unauth" time="0.367" /><testcase classname="tests.test_radha_phase2" name="test_project_create_get_update" time="1.001" /><testcase classname="tests.test_radha_phase2" name="test_file_upload_ready" time="0.889" /><testcase classname="tests.test_radha_phase2" name="test_project_shows_uploaded_file" time="0.140" /><testcase classname="tests.test_radha_phase2" name="test_project_chat_grounded_answer" time="4.112"><failure message="AssertionError: AI did not ground answer in file. Got: [{&quot;FILENAME&quot;: &quot;MEMO.TXT&quot;, &quot;SCORE&quot;: 0.8525}] BASED  ON THE UPLOADED  DOCUMENTS , THE INTERNAL  CODENAME FOR THE PHASE-2  LAUNCH IS **BLUE  FALCON**  [ MEMO.TXT].\N\N&gt;   \U26A0\UFE0F **NOTE :**  AS  INDICATED  IN THE PROJECT MEMO, THIS  INFORMATION  IS MARKED  ** CONFIDENTIAL** AND SHOULD ** NOT BE SHARED EXTERNALLY**  [ MEMO.TXT].&#10;assert 'BLUE FALCON' in '[{&quot;FILENAME&quot;: &quot;MEMO.TXT&quot;, &quot;SCORE&quot;: 0.8525}] BASED  ON THE UPLOADED  DOCUMENTS , THE INTERNAL  CODENAME FOR THE PHASE-2  LAUNCH IS **BLUE  FALCON**  [ MEMO.TXT].\\N\\N&gt;   \\U26A0\\UFE0F **NOTE :**  AS  INDICATED  IN THE PROJECT MEMO, THIS  INFORMATION  IS MARKED  ** CONFIDENTIAL** AND SHOULD ** NOT BE SHARED EXTERNALLY**  [ MEMO.TXT].'">backend/tests/test_radha_phase2.py:146: in test_project_chat_grounded_answer
    assert "BLUE FALCON" in joined, f"AI did not ground answer in file. Got: {joined[:400]}"
E   AssertionError: AI did not ground answer in file. Got: [{"FILENAME": "MEMO.TXT", "SCORE": 0.8525}] BASED  ON THE UPLOADED  DOCUMENTS , THE INTERNAL  CODENAME FOR THE PHASE-2  LAUNCH IS **BLUE  FALCON**  [ MEMO.TXT].\N\N&gt;   \U26A0\UFE0F **NOTE :**  AS  INDICATED  IN THE PROJECT MEMO, THIS  INFORMATION  IS MARKED  ** CONFIDENTIAL** AND SHOULD ** NOT BE SHARED EXTERNALLY**  [ MEMO.TXT].
E   assert 'BLUE FALCON' in '[{"FILENAME": "MEMO.TXT", "SCORE": 0.8525}] BASED  ON THE UPLOADED  DOCUMENTS , THE INTERNAL  CODENAME FOR THE PHASE-2  LAUNCH IS **BLUE  FALCON**  [ MEMO.TXT].\\N\\N&gt;   \\U26A0\\UFE0F **NOTE :**  AS  INDICATED  IN THE PROJECT MEMO, THIS  INFORMATION  IS MARKED  ** CONFIDENTIAL** AND SHOULD ** NOT BE SHARED EXTERNALLY**  [ MEMO.TXT].'</failure></testcase><testcase classname="tests.test_radha_phase2" name="test_memory_crud_and_recall" time="2.491"><failure message="AssertionError: Memory not used. Got:  [{&quot;filename&quot;: &quot;memo.txt&quot;, &quot;score&quot;: 0.443}]  &quot;tur&quot;  &quot;quoise-magenta-77&quot;&#10;assert 'turquoise-magenta-77' in ' [{&quot;filename&quot;: &quot;memo.txt&quot;, &quot;score&quot;: 0.443}]  &quot;tur&quot;  &quot;quoise-magenta-77&quot;'">backend/tests/test_radha_phase2.py:195: in test_memory_crud_and_recall
    assert "turquoise-magenta-77" in joined, f"Memory not used. Got: {joined[:400]}"
E   AssertionError: Memory not used. Got:  [{"filename": "memo.txt", "score": 0.443}]  "tur"  "quoise-magenta-77"
E   assert 'turquoise-magenta-77' in ' [{"filename": "memo.txt", "score": 0.443}]  "tur"  "quoise-magenta-77"'</failure></testcase><testcase classname="tests.test_radha_phase2" name="test_project_isolation" time="0.930" /><testcase classname="tests.test_radha_phase2" name="test_zz_file_delete" time="0.613" /><testcase classname="tests.test_radha_phase2" name="test_zz_project_delete_detaches_conversations" time="0.778" /></testsuite></testsuites>