<?xml version="1.0" encoding="utf-8"?><testsuites name="pytest tests"><testsuite name="pytest" errors="0" failures="0" skipped="0" tests="20" time="11.120" timestamp="2026-09-23T09:40:32.694280+00:00" hostname="agent-env-fd8a6727-054b-4acc-ac21-cfa012d964fb"><testcase classname="tests.test_radha_phase2" name="test_projects_unauth" time="0.518" /><testcase classname="tests.test_radha_backend" name="test_root" time="0.159" /><testcase classname="tests.test_radha_backend" name="test_login_invalid" time="0.363" /><testcase classname="tests.test_radha_backend" name="test_register_duplicate" time="0.604" /><testcase classname="tests.test_radha_backend" name="test_register_new_user" time="0.455" /><testcase classname="tests.test_radha_phase2" name="test_project_create_get_update" time="1.409" /><testcase classname="tests.test_radha_backend" name="test_me" time="0.140" /><testcase classname="tests.test_radha_backend" name="test_me_unauth" time="0.141" /><testcase classname="tests.test_radha_backend" name="test_models" time="0.128" /><testcase classname="tests.test_radha_backend" name="test_conversations_unauth" time="0.303" /><testcase classname="tests.test_radha_backend" name="test_conversation_lifecycle" time="1.114" /><testcase classname="tests.test_radha_phase2" name="test_file_upload_ready" time="0.473" /><testcase classname="tests.test_radha_phase2" name="test_project_shows_uploaded_file" time="0.231" /><testcase classname="tests.test_radha_phase2" name="test_project_chat_grounded_answer" time="3.429" /><testcase classname="tests.test_radha_backend" name="test_user_isolation" time="1.162" /><testcase classname="tests.test_radha_backend" name="test_stream_message_persists" time="2.627" /><testcase classname="tests.test_radha_phase2" name="test_memory_crud_and_recall" time="2.072" /><testcase classname="tests.test_radha_phase2" name="test_project_isolation" time="1.005" /><testcase classname="tests.test_radha_phase2" name="test_zz_file_delete" time="0.604" /><testcase classname="tests.test_radha_phase2" name="test_zz_project_delete_detaches_conversations" time="0.809" /></testsuite></testsuites>