<?xml version="1.0" encoding="utf-8"?><testsuites name="pytest tests"><testsuite name="pytest" errors="0" failures="0" skipped="0" tests="11" time="8.456" timestamp="2026-09-22T06:38:18.650424+00:00" hostname="agent-env-fd8a6727-054b-4acc-ac21-cfa012d964fb"><testcase classname="tests.test_radha_backend" name="test_root" time="0.202" /><testcase classname="tests.test_radha_backend" name="test_login_invalid" time="0.578" /><testcase classname="tests.test_radha_backend" name="test_register_duplicate" time="0.497" /><testcase classname="tests.test_radha_backend" name="test_register_new_user" time="0.344" /><testcase classname="tests.test_radha_backend" name="test_me" time="0.113" /><testcase classname="tests.test_radha_backend" name="test_me_unauth" time="0.123" /><testcase classname="tests.test_radha_backend" name="test_models" time="0.117" /><testcase classname="tests.test_radha_backend" name="test_conversations_unauth" time="0.133" /><testcase classname="tests.test_radha_backend" name="test_conversation_lifecycle" time="0.847" /><testcase classname="tests.test_radha_backend" name="test_user_isolation" time="1.137" /><testcase classname="tests.test_radha_backend" name="test_stream_message_persists" time="3.846" /></testsuite></testsuites>